<?xml version="1.0" encoding="UTF-8"?>
<testsuite xmlns:xsi="http://www.w3.org/2001/XMLSchema-instance" xsi:noNamespaceSchemaLocation="https://maven.apache.org/surefire/maven-surefire-plugin/xsd/surefire-test-report-3.0.xsd" version="3.0" name="TestSuite" time="36.837" tests="1" errors="0" skipped="0" failures="0">
  <properties>
    <property name="gopherProxySet" value="false"/>
    <property name="awt.toolkit" value="sun.lwawt.macosx.LWCToolkit"/>
    <property name="surefire.suiteXmlFiles" value="testng.xml"/>
    <property name="file.encoding.pkg" value="sun.io"/>
    <property name="java.specification.version" value="1.8"/>
    <property name="sun.cpu.isalist" value=""/>
    <property name="sun.jnu.encoding" value="UTF-8"/>
    <property name="java.class.path" value="/Users/swati.goyal/projects/FunProjects/test/target/test-classes:/Users/swati.goyal/projects/FunProjects/test/target/classes:/Users/swati.goyal/.m2/repository/com/github/javafaker/javafaker/0.15/javafaker-0.15.jar:/Users/swati.goyal/.m2/repository/org/apache/commons/commons-lang3/3.5/commons-lang3-3.5.jar:/Users/swati.goyal/.m2/repository/org/yaml/snakeyaml/1.20/snakeyaml-1.20-android.jar:/Users/swati.goyal/.m2/repository/com/github/mifmif/generex/1.0.2/generex-1.0.2.jar:/Users/swati.goyal/.m2/repository/dk/brics/automaton/automaton/1.11-8/automaton-1.11-8.jar:/Users/swati.goyal/.m2/repository/io/rest-assured/json-schema-validator/3.0.0/json-schema-validator-3.0.0.jar:/Users/swati.goyal/.m2/repository/com/github/fge/json-schema-validator/2.2.6/json-schema-validator-2.2.6.jar:/Users/swati.goyal/.m2/repository/com/google/code/findbugs/jsr305/3.0.0/jsr305-3.0.0.jar:/Users/swati.goyal/.m2/repository/joda-time/joda-time/2.3/joda-time-2.3.jar:/Users/swati.goyal/.m2/repository/com/googlecode/libphonenumber/libphonenumber/6.2/libphonenumber-6.2.jar:/Users/swati.goyal/.m2/repository/com/github/fge/json-schema-core/1.2.5/json-schema-core-1.2.5.jar:/Users/swati.goyal/.m2/repository/com/github/fge/uri-template/0.9/uri-template-0.9.jar:/Users/swati.goyal/.m2/repository/com/github/fge/msg-simple/1.1/msg-simple-1.1.jar:/Users/swati.goyal/.m2/repository/com/github/fge/btf/1.2/btf-1.2.jar:/Users/swati.goyal/.m2/repository/com/google/guava/guava/16.0.1/guava-16.0.1.jar:/Users/swati.goyal/.m2/repository/com/github/fge/jackson-coreutils/1.8/jackson-coreutils-1.8.jar:/Users/swati.goyal/.m2/repository/com/fasterxml/jackson/core/jackson-databind/2.2.3/jackson-databind-2.2.3.jar:/Users/swati.goyal/.m2/repository/com/fasterxml/jackson/core/jackson-annotations/2.2.3/jackson-annotations-2.2.3.jar:/Users/swati.goyal/.m2/repository/com/fasterxml/jackson/core/jackson-core/2.2.3/jackson-core-2.2.3.jar:/Users/swati.goyal/.m2/repository/org/mozilla/rhino/1.7R4/rhino-1.7R4.jar:/Users/swati.goyal/.m2/repository/javax/mail/mailapi/1.4.3/mailapi-1.4.3.jar:/Users/swati.goyal/.m2/repository/javax/activation/activation/1.1/activation-1.1.jar:/Users/swati.goyal/.m2/repository/net/sf/jopt-simple/jopt-simple/4.6/jopt-simple-4.6.jar:/Users/swati.goyal/.m2/repository/org/hamcrest/hamcrest-core/1.3/hamcrest-core-1.3.jar:/Users/swati.goyal/.m2/repository/com/jayway/jsonpath/json-path-assert/2.2.0/json-path-assert-2.2.0.jar:/Users/swati.goyal/.m2/repository/com/jayway/jsonpath/json-path/2.2.0/json-path-2.2.0.jar:/Users/swati.goyal/.m2/repository/net/minidev/json-smart/2.2.1/json-smart-2.2.1.jar:/Users/swati.goyal/.m2/repository/net/minidev/accessors-smart/1.1/accessors-smart-1.1.jar:/Users/swati.goyal/.m2/repository/org/ow2/asm/asm/5.0.3/asm-5.0.3.jar:/Users/swati.goyal/.m2/repository/org/hamcrest/hamcrest-library/1.3/hamcrest-library-1.3.jar:/Users/swati.goyal/.m2/repository/org/slf4j/slf4j-api/1.7.16/slf4j-api-1.7.16.jar:/Users/swati.goyal/.m2/repository/com/jayway/restassured/rest-assured/2.9.0/rest-assured-2.9.0.jar:/Users/swati.goyal/.m2/repository/org/codehaus/groovy/groovy/2.4.4/groovy-2.4.4.jar:/Users/swati.goyal/.m2/repository/org/codehaus/groovy/groovy-xml/2.4.4/groovy-xml-2.4.4.jar:/Users/swati.goyal/.m2/repository/org/apache/httpcomponents/httpclient/4.5.1/httpclient-4.5.1.jar:/Users/swati.goyal/.m2/repository/org/apache/httpcomponents/httpcore/4.4.3/httpcore-4.4.3.jar:/Users/swati.goyal/.m2/repository/commons-logging/commons-logging/1.2/commons-logging-1.2.jar:/Users/swati.goyal/.m2/repository/commons-codec/commons-codec/1.9/commons-codec-1.9.jar:/Users/swati.goyal/.m2/repository/org/ccil/cowan/tagsoup/tagsoup/1.2.1/tagsoup-1.2.1.jar:/Users/swati.goyal/.m2/repository/com/jayway/restassured/json-path/2.9.0/json-path-2.9.0.jar:/Users/swati.goyal/.m2/repository/org/codehaus/groovy/groovy-json/2.4.4/groovy-json-2.4.4.jar:/Users/swati.goyal/.m2/repository/com/jayway/restassured/rest-assured-common/2.9.0/rest-assured-common-2.9.0.jar:/Users/swati.goyal/.m2/repository/com/jayway/restassured/xml-path/2.9.0/xml-path-2.9.0.jar:/Users/swati.goyal/.m2/repository/org/json/json/20090211/json-20090211.jar:/Users/swati.goyal/.m2/repository/com/google/code/gson/gson/2.8.2/gson-2.8.2.jar:/Users/swati.goyal/.m2/repository/org/apache/commons/commons-csv/1.3/commons-csv-1.3.jar:/Users/swati.goyal/.m2/repository/org/apache/clerezza/ext/org.json.simple/0.4/org.json.simple-0.4.jar:/Users/swati.goyal/.m2/repository/org/testng/testng/6.11/testng-6.11.jar:/Users/swati.goyal/.m2/repository/com/beust/jcommander/1.64/jcommander-1.64.jar:/Users/swati.goyal/.m2/repository/org/yaml/snakeyaml/1.17/snakeyaml-1.17.jar:/Users/swati.goyal/.m2/repository/org/apache/logging/log4j/log4j-api/2.11.0/log4j-api-2.11.0.jar:/Users/swati.goyal/.m2/repository/org/apache/logging/log4j/log4j-core/2.11.0/log4j-core-2.11.0.jar:/Users/swati.goyal/.m2/repository/org/apache/xbean/xbean-reflect/3.4/xbean-reflect-3.4.jar:/Users/swati.goyal/.m2/repository/log4j/log4j/1.2.12/log4j-1.2.12.jar:/Users/swati.goyal/.m2/repository/commons-logging/commons-logging-api/1.1/commons-logging-api-1.1.jar:/Users/swati.goyal/.m2/repository/commons-collections/commons-collections/3.2.1/commons-collections-3.2.1.jar:/Users/swati.goyal/.m2/repository/com/google/collections/google-collections/1.0/google-collections-1.0.jar:/Users/swati.goyal/.m2/repository/org/apache/httpcomponents/httpmime/4.5.1/httpmime-4.5.1.jar:/Users/swati.goyal/.m2/repository/io/rest-assured/rest-assured/3.0.0/rest-assured-3.0.0.jar:/Users/swati.goyal/.m2/repository/io/rest-assured/json-path/3.0.0/json-path-3.0.0.jar:/Users/swati.goyal/.m2/repository/io/rest-assured/rest-assured-common/3.0.0/rest-assured-common-3.0.0.jar:/Users/swati.goyal/.m2/repository/io/rest-assured/xml-path/3.0.0/xml-path-3.0.0.jar:/Users/swati.goyal/.m2/repository/com/opencsv/opencsv/4.0/opencsv-4.0.jar:/Users/swati.goyal/.m2/repository/org/apache/commons/commons-text/1.1/commons-text-1.1.jar:/Users/swati.goyal/.m2/repository/commons-beanutils/commons-beanutils/1.9.3/commons-beanutils-1.9.3.jar:/Users/swati.goyal/.m2/repository/com/googlecode/json-simple/json-simple/1.1/json-simple-1.1.jar:"/>
    <property name="java.vm.vendor" value="AdoptOpenJDK"/>
    <property name="sun.arch.data.model" value="64"/>
    <property name="java.vendor.url" value="http://java.oracle.com/"/>
    <property name="user.timezone" value=""/>
    <property name="user.country.format" value="IN"/>
    <property name="java.vm.specification.version" value="1.8"/>
    <property name="os.name" value="Mac OS X"/>
    <property name="user.country" value="GB"/>
    <property name="sun.java.launcher" value="SUN_STANDARD"/>
    <property name="sun.boot.library.path" value="/Library/Java/JavaVirtualMachines/adoptopenjdk-8.jdk/Contents/Home/jre/lib"/>
    <property name="sun.java.command" value="/Users/swati.goyal/projects/FunProjects/test/target/surefire/surefirebooter162241358443921759.jar /Users/swati.goyal/projects/FunProjects/test/target/surefire 2020-09-05T15-05-22_209-jvmRun1 surefire6647217273725660114tmp surefire_04919001186606195307tmp"/>
    <property name="http.nonProxyHosts" value="local|*.local|169.254/16|*.169.254/16"/>
    <property name="surefire.test.class.path" value="/Users/swati.goyal/projects/FunProjects/test/target/test-classes:/Users/swati.goyal/projects/FunProjects/test/target/classes:/Users/swati.goyal/.m2/repository/com/github/javafaker/javafaker/0.15/javafaker-0.15.jar:/Users/swati.goyal/.m2/repository/org/apache/commons/commons-lang3/3.5/commons-lang3-3.5.jar:/Users/swati.goyal/.m2/repository/org/yaml/snakeyaml/1.20/snakeyaml-1.20-android.jar:/Users/swati.goyal/.m2/repository/com/github/mifmif/generex/1.0.2/generex-1.0.2.jar:/Users/swati.goyal/.m2/repository/dk/brics/automaton/automaton/1.11-8/automaton-1.11-8.jar:/Users/swati.goyal/.m2/repository/io/rest-assured/json-schema-validator/3.0.0/json-schema-validator-3.0.0.jar:/Users/swati.goyal/.m2/repository/com/github/fge/json-schema-validator/2.2.6/json-schema-validator-2.2.6.jar:/Users/swati.goyal/.m2/repository/com/google/code/findbugs/jsr305/3.0.0/jsr305-3.0.0.jar:/Users/swati.goyal/.m2/repository/joda-time/joda-time/2.3/joda-time-2.3.jar:/Users/swati.goyal/.m2/repository/com/googlecode/libphonenumber/libphonenumber/6.2/libphonenumber-6.2.jar:/Users/swati.goyal/.m2/repository/com/github/fge/json-schema-core/1.2.5/json-schema-core-1.2.5.jar:/Users/swati.goyal/.m2/repository/com/github/fge/uri-template/0.9/uri-template-0.9.jar:/Users/swati.goyal/.m2/repository/com/github/fge/msg-simple/1.1/msg-simple-1.1.jar:/Users/swati.goyal/.m2/repository/com/github/fge/btf/1.2/btf-1.2.jar:/Users/swati.goyal/.m2/repository/com/google/guava/guava/16.0.1/guava-16.0.1.jar:/Users/swati.goyal/.m2/repository/com/github/fge/jackson-coreutils/1.8/jackson-coreutils-1.8.jar:/Users/swati.goyal/.m2/repository/com/fasterxml/jackson/core/jackson-databind/2.2.3/jackson-databind-2.2.3.jar:/Users/swati.goyal/.m2/repository/com/fasterxml/jackson/core/jackson-annotations/2.2.3/jackson-annotations-2.2.3.jar:/Users/swati.goyal/.m2/repository/com/fasterxml/jackson/core/jackson-core/2.2.3/jackson-core-2.2.3.jar:/Users/swati.goyal/.m2/repository/org/mozilla/rhino/1.7R4/rhino-1.7R4.jar:/Users/swati.goyal/.m2/repository/javax/mail/mailapi/1.4.3/mailapi-1.4.3.jar:/Users/swati.goyal/.m2/repository/javax/activation/activation/1.1/activation-1.1.jar:/Users/swati.goyal/.m2/repository/net/sf/jopt-simple/jopt-simple/4.6/jopt-simple-4.6.jar:/Users/swati.goyal/.m2/repository/org/hamcrest/hamcrest-core/1.3/hamcrest-core-1.3.jar:/Users/swati.goyal/.m2/repository/com/jayway/jsonpath/json-path-assert/2.2.0/json-path-assert-2.2.0.jar:/Users/swati.goyal/.m2/repository/com/jayway/jsonpath/json-path/2.2.0/json-path-2.2.0.jar:/Users/swati.goyal/.m2/repository/net/minidev/json-smart/2.2.1/json-smart-2.2.1.jar:/Users/swati.goyal/.m2/repository/net/minidev/accessors-smart/1.1/accessors-smart-1.1.jar:/Users/swati.goyal/.m2/repository/org/ow2/asm/asm/5.0.3/asm-5.0.3.jar:/Users/swati.goyal/.m2/repository/org/hamcrest/hamcrest-library/1.3/hamcrest-library-1.3.jar:/Users/swati.goyal/.m2/repository/org/slf4j/slf4j-api/1.7.16/slf4j-api-1.7.16.jar:/Users/swati.goyal/.m2/repository/com/jayway/restassured/rest-assured/2.9.0/rest-assured-2.9.0.jar:/Users/swati.goyal/.m2/repository/org/codehaus/groovy/groovy/2.4.4/groovy-2.4.4.jar:/Users/swati.goyal/.m2/repository/org/codehaus/groovy/groovy-xml/2.4.4/groovy-xml-2.4.4.jar:/Users/swati.goyal/.m2/repository/org/apache/httpcomponents/httpclient/4.5.1/httpclient-4.5.1.jar:/Users/swati.goyal/.m2/repository/org/apache/httpcomponents/httpcore/4.4.3/httpcore-4.4.3.jar:/Users/swati.goyal/.m2/repository/commons-logging/commons-logging/1.2/commons-logging-1.2.jar:/Users/swati.goyal/.m2/repository/commons-codec/commons-codec/1.9/commons-codec-1.9.jar:/Users/swati.goyal/.m2/repository/org/ccil/cowan/tagsoup/tagsoup/1.2.1/tagsoup-1.2.1.jar:/Users/swati.goyal/.m2/repository/com/jayway/restassured/json-path/2.9.0/json-path-2.9.0.jar:/Users/swati.goyal/.m2/repository/org/codehaus/groovy/groovy-json/2.4.4/groovy-json-2.4.4.jar:/Users/swati.goyal/.m2/repository/com/jayway/restassured/rest-assured-common/2.9.0/rest-assured-common-2.9.0.jar:/Users/swati.goyal/.m2/repository/com/jayway/restassured/xml-path/2.9.0/xml-path-2.9.0.jar:/Users/swati.goyal/.m2/repository/org/json/json/20090211/json-20090211.jar:/Users/swati.goyal/.m2/repository/com/google/code/gson/gson/2.8.2/gson-2.8.2.jar:/Users/swati.goyal/.m2/repository/org/apache/commons/commons-csv/1.3/commons-csv-1.3.jar:/Users/swati.goyal/.m2/repository/org/apache/clerezza/ext/org.json.simple/0.4/org.json.simple-0.4.jar:/Users/swati.goyal/.m2/repository/org/testng/testng/6.11/testng-6.11.jar:/Users/swati.goyal/.m2/repository/com/beust/jcommander/1.64/jcommander-1.64.jar:/Users/swati.goyal/.m2/repository/org/yaml/snakeyaml/1.17/snakeyaml-1.17.jar:/Users/swati.goyal/.m2/repository/org/apache/logging/log4j/log4j-api/2.11.0/log4j-api-2.11.0.jar:/Users/swati.goyal/.m2/repository/org/apache/logging/log4j/log4j-core/2.11.0/log4j-core-2.11.0.jar:/Users/swati.goyal/.m2/repository/org/apache/xbean/xbean-reflect/3.4/xbean-reflect-3.4.jar:/Users/swati.goyal/.m2/repository/log4j/log4j/1.2.12/log4j-1.2.12.jar:/Users/swati.goyal/.m2/repository/commons-logging/commons-logging-api/1.1/commons-logging-api-1.1.jar:/Users/swati.goyal/.m2/repository/commons-collections/commons-collections/3.2.1/commons-collections-3.2.1.jar:/Users/swati.goyal/.m2/repository/com/google/collections/google-collections/1.0/google-collections-1.0.jar:/Users/swati.goyal/.m2/repository/org/apache/httpcomponents/httpmime/4.5.1/httpmime-4.5.1.jar:/Users/swati.goyal/.m2/repository/io/rest-assured/rest-assured/3.0.0/rest-assured-3.0.0.jar:/Users/swati.goyal/.m2/repository/io/rest-assured/json-path/3.0.0/json-path-3.0.0.jar:/Users/swati.goyal/.m2/repository/io/rest-assured/rest-assured-common/3.0.0/rest-assured-common-3.0.0.jar:/Users/swati.goyal/.m2/repository/io/rest-assured/xml-path/3.0.0/xml-path-3.0.0.jar:/Users/swati.goyal/.m2/repository/com/opencsv/opencsv/4.0/opencsv-4.0.jar:/Users/swati.goyal/.m2/repository/org/apache/commons/commons-text/1.1/commons-text-1.1.jar:/Users/swati.goyal/.m2/repository/commons-beanutils/commons-beanutils/1.9.3/commons-beanutils-1.9.3.jar:/Users/swati.goyal/.m2/repository/com/googlecode/json-simple/json-simple/1.1/json-simple-1.1.jar:"/>
    <property name="sun.cpu.endian" value="little"/>
    <property name="user.home" value="/Users/swati.goyal"/>
    <property name="user.language" value="en"/>
    <property name="java.specification.vendor" value="Oracle Corporation"/>
    <property name="java.home" value="/Library/Java/JavaVirtualMachines/adoptopenjdk-8.jdk/Contents/Home/jre"/>
    <property name="basedir" value="/Users/swati.goyal/projects/FunProjects/test"/>
    <property name="file.separator" value="/"/>
    <property name="line.separator" value="&#10;"/>
    <property name="java.vm.specification.vendor" value="Oracle Corporation"/>
    <property name="java.specification.name" value="Java Platform API Specification"/>
    <property name="java.awt.graphicsenv" value="sun.awt.CGraphicsEnvironment"/>
    <property name="surefire.real.class.path" value="/Users/swati.goyal/projects/FunProjects/test/target/surefire/surefirebooter162241358443921759.jar"/>
    <property name="sun.boot.class.path" value="/Library/Java/JavaVirtualMachines/adoptopenjdk-8.jdk/Contents/Home/jre/lib/resources.jar:/Library/Java/JavaVirtualMachines/adoptopenjdk-8.jdk/Contents/Home/jre/lib/rt.jar:/Library/Java/JavaVirtualMachines/adoptopenjdk-8.jdk/Contents/Home/jre/lib/sunrsasign.jar:/Library/Java/JavaVirtualMachines/adoptopenjdk-8.jdk/Contents/Home/jre/lib/jsse.jar:/Library/Java/JavaVirtualMachines/adoptopenjdk-8.jdk/Contents/Home/jre/lib/jce.jar:/Library/Java/JavaVirtualMachines/adoptopenjdk-8.jdk/Contents/Home/jre/lib/charsets.jar:/Library/Java/JavaVirtualMachines/adoptopenjdk-8.jdk/Contents/Home/jre/lib/jfr.jar:/Library/Java/JavaVirtualMachines/adoptopenjdk-8.jdk/Contents/Home/jre/classes"/>
    <property name="sun.management.compiler" value="HotSpot 64-Bit Tiered Compilers"/>
    <property name="ftp.nonProxyHosts" value="local|*.local|169.254/16|*.169.254/16"/>
    <property name="java.runtime.version" value="1.8.0_212-b04"/>
    <property name="user.name" value="swati.goyal"/>
    <property name="path.separator" value=":"/>
    <property name="os.version" value="10.14.4"/>
    <property name="java.endorsed.dirs" value="/Library/Java/JavaVirtualMachines/adoptopenjdk-8.jdk/Contents/Home/jre/lib/endorsed"/>
    <property name="java.runtime.name" value="OpenJDK Runtime Environment"/>
    <property name="file.encoding" value="UTF-8"/>
    <property name="java.vm.name" value="OpenJDK 64-Bit Server VM"/>
    <property name="localRepository" value="/Users/swati.goyal/.m2/repository"/>
    <property name="java.vendor.url.bug" value="http://bugreport.sun.com/bugreport/"/>
    <property name="java.io.tmpdir" value="/var/folders/s3/h82qgnss3252y2ssj0ddkftw0000gp/T/"/>
    <property name="java.version" value="1.8.0_212"/>
    <property name="user.dir" value="/Users/swati.goyal/projects/FunProjects/test"/>
    <property name="os.arch" value="x86_64"/>
    <property name="java.vm.specification.name" value="Java Virtual Machine Specification"/>
    <property name="java.awt.printerjob" value="sun.lwawt.macosx.CPrinterJob"/>
    <property name="sun.os.patch.level" value="unknown"/>
    <property name="java.library.path" value="/Users/swati.goyal/Library/Java/Extensions:/Library/Java/Extensions:/Network/Library/Java/Extensions:/System/Library/Java/Extensions:/usr/lib/java:."/>
    <property name="java.vm.info" value="mixed mode"/>
    <property name="java.vendor" value="AdoptOpenJDK"/>
    <property name="java.vm.version" value="25.212-b04"/>
    <property name="java.ext.dirs" value="/Users/swati.goyal/Library/Java/Extensions:/Library/Java/JavaVirtualMachines/adoptopenjdk-8.jdk/Contents/Home/jre/lib/ext:/Library/Java/Extensions:/Network/Library/Java/Extensions:/System/Library/Java/Extensions:/usr/lib/java"/>
    <property name="sun.io.unicode.encoding" value="UnicodeBig"/>
    <property name="java.class.version" value="52.0"/>
    <property name="socksNonProxyHosts" value="local|*.local|169.254/16|*.169.254/16"/>
  </properties>
  <testcase name="testBookByIsbnAPI" classname="com.ak.scripts.TestBookAPI" time="36.085"/>
</testsuite>