<?xml version="1.0" encoding="UTF-8"?>
<!-- Generated by org.testng.reporters.JUnitReportReporter -->
<testsuite skipped="0" hostname="swatis-MacBook-Pro-2.local" name="com.ak.scripts.TestBookAPI" tests="1" failures="0" timestamp="05 Sep 2020 09:36:04 GMT" time="36.081" errors="0">
  <testcase name="testBookByIsbnAPI" time="36.081" classname="com.ak.scripts.TestBookAPI"/>
</testsuite> <!-- com.ak.scripts.TestBookAPI -->
