<?xml version="1.0" encoding="UTF-8"?>
<!-- Generated by org.testng.reporters.JUnitReportReporter -->
<testsuite skipped="0" hostname="swatis-MacBook-Pro-2.local" name="com.ak.scripts.TestBookAPI" tests="1" failures="0" timestamp="05 Sep 2020 08:58:07 GMT" time="35.535" errors="0">
  <testcase name="testBookByIsbnAPI" time="35.535" classname="com.ak.scripts.TestBookAPI"/>
</testsuite> <!-- com.ak.scripts.TestBookAPI -->
